2025-01-23 17:14:06 Loading main app package /usr/lib/obsidian/obsidian.asar
2025-01-23 17:14:06 Checking for update using Github
2025-01-23 17:14:06 Success.
2025-01-23 17:14:06 Latest version is 1.7.7
2025-01-23 17:14:06 App is up to date.
2025-01-23 17:16:19 Loading main app package /usr/lib/obsidian/obsidian.asar
2025-01-23 17:16:19 Checking for update using Github
2025-01-23 17:16:19 Success.
2025-01-23 17:16:19 Latest version is 1.7.7
2025-01-23 17:16:19 App is up to date.
2025-01-23 17:21:42 Loading main app package /usr/lib/obsidian/obsidian.asar
2025-01-23 17:21:42 Checking for update using Github
2025-01-23 17:21:42 Success.
2025-01-23 17:21:42 Latest version is 1.7.7
2025-01-23 17:21:42 App is up to date.
2025-01-23 17:22:26 Loading main app package /usr/lib/obsidian/obsidian.asar
2025-01-23 17:22:26 Checking for update using Github
2025-01-23 17:22:26 Success.
2025-01-23 17:22:26 Latest version is 1.7.7
2025-01-23 17:22:26 App is up to date.
2025-01-23 17:23:59 Loading main app package /usr/lib/obsidian/obsidian.asar
2025-01-23 17:23:59 Checking for update using Github
2025-01-23 17:23:59 Success.
2025-01-23 17:23:59 Latest version is 1.7.7
2025-01-23 17:23:59 App is up to date.
2025-01-23 17:27:29 Loading main app package /usr/lib/obsidian/obsidian.asar
2025-01-23 17:27:29 Checking for update using Github
2025-01-23 17:27:29 Success.
2025-01-23 17:27:29 Latest version is 1.7.7
2025-01-23 17:27:29 App is up to date.
